{"name":"iris","hostname":"OEM","pid":9808,"level":30,"msg":"No theme enabled","time":"2016-04-12T08:45:17.510Z","v":0}
{"name":"iris","hostname":"OEM","pid":9808,"level":30,"msg":"Server started","time":"2016-04-12T08:45:17.565Z","v":0}
{"name":"iris","hostname":"OEM","pid":9808,"level":30,"msg":"user created by system","time":"2016-04-12T08:46:18.250Z","v":0}
{"name":"iris","hostname":"OEM","pid":9808,"level":30,"msg":"Server restarted  by user 1 via modules page","time":"2016-04-12T08:46:57.286Z","v":0}
{"name":"iris","hostname":"OEM","pid":10632,"level":30,"msg":"No theme enabled","time":"2016-04-12T08:47:07.770Z","v":0}
{"name":"iris","hostname":"OEM","pid":10632,"level":30,"msg":"Server started","time":"2016-04-12T08:47:08.189Z","v":0}
{"name":"iris","hostname":"OEM","pid":10632,"level":30,"msg":"No additional roles loaded by roles_ui","time":"2016-04-12T08:47:08.233Z","v":0}
{"name":"iris","hostname":"OEM","pid":4744,"level":30,"msg":"No theme enabled","time":"2016-04-12T09:32:57.171Z","v":0}
{"name":"iris","hostname":"OEM","pid":4744,"level":30,"msg":"Server started","time":"2016-04-12T09:32:57.607Z","v":0}
{"name":"iris","hostname":"OEM","pid":4744,"level":30,"msg":"No additional roles loaded by roles_ui","time":"2016-04-12T09:32:57.654Z","v":0}
{"name":"iris","hostname":"OEM","pid":10376,"level":30,"msg":"No theme enabled","time":"2016-04-12T09:39:16.405Z","v":0}
{"name":"iris","hostname":"OEM","pid":10376,"level":30,"msg":"Server started","time":"2016-04-12T09:39:16.836Z","v":0}
{"name":"iris","hostname":"OEM","pid":10376,"level":30,"msg":"No additional roles loaded by roles_ui","time":"2016-04-12T09:39:16.880Z","v":0}
{"name":"iris","hostname":"OEM","pid":10896,"level":30,"msg":"No theme enabled","time":"2016-04-12T09:39:58.875Z","v":0}
{"name":"iris","hostname":"OEM","pid":10896,"level":30,"msg":"Server started","time":"2016-04-12T09:39:59.318Z","v":0}
{"name":"iris","hostname":"OEM","pid":10896,"level":30,"msg":"No additional roles loaded by roles_ui","time":"2016-04-12T09:39:59.364Z","v":0}
{"name":"iris","hostname":"OEM","pid":10896,"level":50,"msg":"Error on request to /admin/create/page","time":"2016-04-12T09:41:36.469Z","v":0}
{"name":"iris","hostname":"OEM","pid":10896,"level":50,"msg":"Bad request","time":"2016-04-12T09:41:36.469Z","v":0}
{"name":"iris","hostname":"OEM","pid":10896,"level":30,"msg":"page created by 1","time":"2016-04-12T09:41:57.495Z","v":0}
{"name":"iris","hostname":"OEM","pid":10896,"level":30,"msg":"page created by 1","time":"2016-04-12T09:42:12.054Z","v":0}
{"name":"iris","hostname":"OEM","pid":10896,"level":30,"msg":"page 1 deleted by 1","time":"2016-04-12T09:42:58.357Z","v":0}
{"name":"iris","hostname":"OEM","pid":10896,"level":30,"msg":"page 2 deleted by 1","time":"2016-04-12T09:43:01.895Z","v":0}
{"name":"iris","hostname":"OEM","pid":9604,"level":30,"msg":"No theme enabled","time":"2016-04-12T09:47:15.455Z","v":0}
{"name":"iris","hostname":"OEM","pid":9604,"level":50,"msg":"error loading module email","time":"2016-04-12T09:47:15.946Z","v":0}
{"name":"iris","hostname":"OEM","pid":9604,"level":30,"msg":"Server started","time":"2016-04-12T09:47:16.052Z","v":0}
{"name":"iris","hostname":"OEM","pid":9604,"level":30,"msg":"No additional roles loaded by roles_ui","time":"2016-04-12T09:47:16.098Z","v":0}
{"name":"iris","hostname":"OEM","pid":9604,"level":50,"msg":"No field properties found for fieldtitle","time":"2016-04-12T09:54:14.520Z","v":0}
{"name":"iris","hostname":"OEM","pid":9604,"level":50,"msg":"Error on request to /admin/create/page","time":"2016-04-12T10:22:35.966Z","v":0}
{"name":"iris","hostname":"OEM","pid":9604,"level":50,"msg":"Bad request","time":"2016-04-12T10:22:35.966Z","v":0}
{"name":"iris","hostname":"OEM","pid":9604,"level":30,"msg":"page created by 1","time":"2016-04-12T10:23:02.956Z","v":0}
{"name":"iris","hostname":"OEM","pid":9604,"level":30,"msg":"page created by 1","time":"2016-04-12T10:34:56.670Z","v":0}
{"name":"iris","hostname":"OEM","pid":9604,"level":30,"msg":"page created by 1","time":"2016-04-12T10:43:28.869Z","v":0}
